十一月 18, 2017 11:29:31 下午 org.apache.catalina.core.AprLifecycleListener init
信息: The APR based Apache Tomcat Native library which allows optimal performance in production environments was not found on the java.library.path: /Users/cxs/Library/Java/Extensions:/Library/Java/Extensions:/Network/Library/Java/Extensions:/System/Library/Java/Extensions:/usr/lib/java:.
十一月 18, 2017 11:29:34 下午 org.apache.coyote.AbstractProtocol init
信息: Initializing ProtocolHandler ["http-bio-8080"]
十一月 18, 2017 11:29:34 下午 org.apache.coyote.AbstractProtocol init
信息: Initializing ProtocolHandler ["ajp-bio-8009"]
十一月 18, 2017 11:29:34 下午 org.apache.catalina.startup.Catalina load
信息: Initialization processed in 4774 ms
十一月 18, 2017 11:31:03 下午 org.apache.catalina.core.StandardService startInternal
信息: Starting service Catalina
十一月 18, 2017 11:31:03 下午 org.apache.catalina.core.StandardEngine startInternal
信息: Starting Servlet Engine: Apache Tomcat/@VERSION@
十一月 18, 2017 11:31:03 下午 org.apache.catalina.startup.HostConfig deployDirectory
信息: Deploying web application directory /Users/cxs/code/Tomcat-Source-Code/catalina-home/webapps/docs
十一月 18, 2017 11:31:03 下午 org.apache.catalina.startup.HostConfig deployDirectory
信息: Deploying web application directory /Users/cxs/code/Tomcat-Source-Code/catalina-home/webapps/examples
十一月 18, 2017 11:31:04 下午 org.apache.catalina.startup.HostConfig deployDirectory
信息: Deploying web application directory /Users/cxs/code/Tomcat-Source-Code/catalina-home/webapps/host-manager
十一月 18, 2017 11:31:04 下午 org.apache.catalina.startup.HostConfig deployDirectory
信息: Deploying web application directory /Users/cxs/code/Tomcat-Source-Code/catalina-home/webapps/manager
十一月 18, 2017 11:31:04 下午 org.apache.catalina.startup.HostConfig deployDirectory
信息: Deploying web application directory /Users/cxs/code/Tomcat-Source-Code/catalina-home/webapps/ROOT
十一月 18, 2017 11:31:04 下午 org.apache.coyote.AbstractProtocol start
信息: Starting ProtocolHandler ["http-bio-8080"]
十一月 18, 2017 11:31:04 下午 org.apache.coyote.AbstractProtocol start
信息: Starting ProtocolHandler ["ajp-bio-8009"]
十一月 18, 2017 11:31:04 下午 org.apache.catalina.startup.Catalina start
信息: Server startup in 1073 ms
