十一月 19, 2017 12:18:23 上午 org.apache.catalina.core.ApplicationContext log
信息: ContextListener: attributeAdded('org.apache.jasper.runtime.JspApplicationContextImpl', 'org.apache.jasper.runtime.JspApplicationContextImpl@22a5e5de')
十一月 19, 2017 12:18:23 上午 org.apache.catalina.core.ApplicationContext log
信息: ContextListener: attributeAdded('org.apache.jasper.compiler.ELInterpreter', 'org.apache.jasper.compiler.ELInterpreterFactory$DefaultELInterpreter@29aee61f')
十一月 19, 2017 12:18:24 上午 org.apache.catalina.core.ApplicationContext log
信息: SessionListener: sessionCreated('AE1C5B7CA46B99B87D85DF0791035238')
十一月 19, 2017 1:25:16 上午 org.apache.catalina.core.ApplicationContext log
信息: SessionListener: sessionDestroyed('AE1C5B7CA46B99B87D85DF0791035238')
十一月 19, 2017 10:10:19 下午 org.apache.catalina.core.ApplicationContext log
信息: ContextListener: contextInitialized()
十一月 19, 2017 10:10:19 下午 org.apache.catalina.core.ApplicationContext log
信息: SessionListener: contextInitialized()
十一月 19, 2017 10:10:19 下午 org.apache.catalina.core.ApplicationContext log
信息: ContextListener: attributeAdded('org.apache.jasper.compiler.TldLocationsCache', 'org.apache.jasper.compiler.TldLocationsCache@23e75b33')
十一月 19, 2017 10:10:22 下午 org.apache.catalina.core.ApplicationContext log
信息: SessionListener: contextDestroyed()
十一月 19, 2017 10:10:22 下午 org.apache.catalina.core.ApplicationContext log
信息: ContextListener: contextDestroyed()
十一月 19, 2017 10:13:09 下午 org.apache.catalina.core.ApplicationContext log
信息: ContextListener: contextInitialized()
十一月 19, 2017 10:13:09 下午 org.apache.catalina.core.ApplicationContext log
信息: SessionListener: contextInitialized()
十一月 19, 2017 10:13:09 下午 org.apache.catalina.core.ApplicationContext log
信息: ContextListener: attributeAdded('org.apache.jasper.compiler.TldLocationsCache', 'org.apache.jasper.compiler.TldLocationsCache@291d44f8')
十一月 19, 2017 10:15:14 下午 org.apache.catalina.core.ApplicationContext log
信息: SessionListener: contextDestroyed()
十一月 19, 2017 10:15:14 下午 org.apache.catalina.core.ApplicationContext log
信息: ContextListener: contextDestroyed()
十一月 19, 2017 11:11:34 下午 org.apache.catalina.core.ApplicationContext log
信息: ContextListener: contextInitialized()
十一月 19, 2017 11:11:34 下午 org.apache.catalina.core.ApplicationContext log
信息: SessionListener: contextInitialized()
十一月 19, 2017 11:11:34 下午 org.apache.catalina.core.ApplicationContext log
信息: ContextListener: attributeAdded('org.apache.jasper.compiler.TldLocationsCache', 'org.apache.jasper.compiler.TldLocationsCache@2b774205')
十一月 19, 2017 11:11:38 下午 org.apache.catalina.core.ApplicationContext log
信息: SessionListener: contextDestroyed()
十一月 19, 2017 11:11:38 下午 org.apache.catalina.core.ApplicationContext log
信息: ContextListener: contextDestroyed()
