十一月 22, 2017 12:19:34 上午 org.apache.catalina.core.ApplicationContext log
信息: ContextListener: contextInitialized()
十一月 22, 2017 12:19:34 上午 org.apache.catalina.core.ApplicationContext log
信息: SessionListener: contextInitialized()
十一月 22, 2017 12:19:34 上午 org.apache.catalina.core.ApplicationContext log
信息: ContextListener: attributeAdded('org.apache.jasper.compiler.TldLocationsCache', 'org.apache.jasper.compiler.TldLocationsCache@29fbf')
十一月 22, 2017 12:23:55 上午 org.apache.catalina.core.ApplicationContext log
信息: SessionListener: contextDestroyed()
十一月 22, 2017 12:23:55 上午 org.apache.catalina.core.ApplicationContext log
信息: ContextListener: contextDestroyed()
十一月 22, 2017 12:24:05 上午 org.apache.catalina.core.ApplicationContext log
信息: ContextListener: contextInitialized()
十一月 22, 2017 12:24:05 上午 org.apache.catalina.core.ApplicationContext log
信息: SessionListener: contextInitialized()
十一月 22, 2017 12:24:05 上午 org.apache.catalina.core.ApplicationContext log
信息: ContextListener: attributeAdded('org.apache.jasper.compiler.TldLocationsCache', 'org.apache.jasper.compiler.TldLocationsCache@4283c81d')
十一月 22, 2017 12:24:51 上午 org.apache.catalina.core.ApplicationContext log
信息: SessionListener: contextDestroyed()
十一月 22, 2017 12:24:51 上午 org.apache.catalina.core.ApplicationContext log
信息: ContextListener: contextDestroyed()
十一月 22, 2017 12:25:13 上午 org.apache.catalina.core.ApplicationContext log
信息: ContextListener: contextInitialized()
十一月 22, 2017 12:25:13 上午 org.apache.catalina.core.ApplicationContext log
信息: SessionListener: contextInitialized()
十一月 22, 2017 12:25:13 上午 org.apache.catalina.core.ApplicationContext log
信息: ContextListener: attributeAdded('org.apache.jasper.compiler.TldLocationsCache', 'org.apache.jasper.compiler.TldLocationsCache@2d3f6f40')
十一月 22, 2017 12:27:05 上午 org.apache.catalina.core.ApplicationContext log
信息: SessionListener: contextDestroyed()
十一月 22, 2017 12:27:05 上午 org.apache.catalina.core.ApplicationContext log
信息: ContextListener: contextDestroyed()
十一月 22, 2017 10:54:04 上午 org.apache.catalina.core.ApplicationContext log
信息: ContextListener: contextInitialized()
十一月 22, 2017 10:54:04 上午 org.apache.catalina.core.ApplicationContext log
信息: SessionListener: contextInitialized()
十一月 22, 2017 10:54:05 上午 org.apache.catalina.core.ApplicationContext log
信息: ContextListener: attributeAdded('org.apache.jasper.compiler.TldLocationsCache', 'org.apache.jasper.compiler.TldLocationsCache@58156f09')
十一月 22, 2017 10:54:08 上午 org.apache.catalina.core.ApplicationContext log
信息: SessionListener: contextDestroyed()
十一月 22, 2017 10:54:08 上午 org.apache.catalina.core.ApplicationContext log
信息: ContextListener: contextDestroyed()
十一月 22, 2017 10:56:28 上午 org.apache.catalina.core.ApplicationContext log
信息: ContextListener: contextInitialized()
十一月 22, 2017 10:56:28 上午 org.apache.catalina.core.ApplicationContext log
信息: SessionListener: contextInitialized()
十一月 22, 2017 10:56:28 上午 org.apache.catalina.core.ApplicationContext log
信息: ContextListener: attributeAdded('org.apache.jasper.compiler.TldLocationsCache', 'org.apache.jasper.compiler.TldLocationsCache@4292718')
十一月 22, 2017 10:56:33 上午 org.apache.catalina.core.ApplicationContext log
信息: SessionListener: contextDestroyed()
十一月 22, 2017 10:56:33 上午 org.apache.catalina.core.ApplicationContext log
信息: ContextListener: contextDestroyed()
十一月 22, 2017 11:03:23 上午 org.apache.catalina.core.ApplicationContext log
信息: ContextListener: contextInitialized()
十一月 22, 2017 11:03:23 上午 org.apache.catalina.core.ApplicationContext log
信息: SessionListener: contextInitialized()
十一月 22, 2017 11:03:23 上午 org.apache.catalina.core.ApplicationContext log
信息: ContextListener: attributeAdded('org.apache.jasper.compiler.TldLocationsCache', 'org.apache.jasper.compiler.TldLocationsCache@58156f09')
